[1104/103909.830:ERROR:directory_reader_win.cc(43)] FindFirstFile: The system cannot find the path specified. (0x3)
[1104/110733.715:ERROR:process_reader_win.cc(151)] SuspendThread: Access is denied. (0x5)
[1104/110733.715:ERROR:process_reader_win.cc(151)] SuspendThread: Access is denied. (0x5)
[1104/110733.715:ERROR:process_reader_win.cc(151)] SuspendThread: Access is denied. (0x5)
[1104/110733.715:ERROR:process_reader_win.cc(151)] SuspendThread: Access is denied. (0x5)
[1104/110733.715:ERROR:process_reader_win.cc(151)] SuspendThread: Access is denied. (0x5)
[1104/110733.715:ERROR:process_reader_win.cc(151)] SuspendThread: Access is denied. (0x5)
[1104/110733.715:ERROR:process_reader_win.cc(151)] SuspendThread: Access is denied. (0x5)
[1104/110733.715:ERROR:process_reader_win.cc(151)] SuspendThread: Access is denied. (0x5)
[1104/110733.715:ERROR:process_reader_win.cc(151)] SuspendThread: Access is denied. (0x5)
[1104/110733.715:ERROR:process_reader_win.cc(151)] SuspendThread: Access is denied. (0x5)
[1104/110733.715:ERROR:process_reader_win.cc(151)] SuspendThread: Access is denied. (0x5)
[1104/110733.715:ERROR:process_reader_win.cc(151)] SuspendThread: Access is denied. (0x5)
[1104/110733.715:ERROR:process_reader_win.cc(151)] SuspendThread: Access is denied. (0x5)
[1104/110733.715:ERROR:process_reader_win.cc(151)] SuspendThread: Access is denied. (0x5)
[1104/110733.715:ERROR:process_reader_win.cc(123)] NtOpenThread: {Access Denied} A process has requested access to an object, but has not been granted those access rights. (0xc0000022)
[1104/110733.731:ERROR:exception_snapshot_win.cc(99)] thread ID 8664 not found in process
[1104/110733.715:ERROR:process_reader_win.cc(123)] NtOpenThread: {Access Denied} A process has requested access to an object, but has not been granted those access rights. (0xc0000022)
[1104/110733.731:ERROR:exception_snapshot_win.cc(99)] thread ID 7436 not found in process
[1104/110733.731:ERROR:scoped_process_suspend.cc(40)] NtResumeProcess: An attempt was made to access an exiting process. (0xc000010a)
[1104/204427.592:ERROR:directory_reader_win.cc(43)] FindFirstFile: The system cannot find the path specified. (0x3)
[1104/214937.856:ERROR:directory_reader_win.cc(43)] FindFirstFile: The system cannot find the path specified. (0x3)
[1105/073427.683:ERROR:directory_reader_win.cc(43)] FindFirstFile: The system cannot find the path specified. (0x3)
[1105/085732.346:ERROR:directory_reader_win.cc(43)] FindFirstFile: The system cannot find the path specified. (0x3)
[1105/095133.773:ERROR:directory_reader_win.cc(43)] FindFirstFile: The system cannot find the path specified. (0x3)
[1105/095217.579:ERROR:directory_reader_win.cc(43)] FindFirstFile: The system cannot find the path specified. (0x3)
[1105/200930.013:ERROR:directory_reader_win.cc(43)] FindFirstFile: The system cannot find the path specified. (0x3)
[1105/203430.246:ERROR:directory_reader_win.cc(43)] FindFirstFile: The system cannot find the path specified. (0x3)
[1105/205002.046:ERROR:directory_reader_win.cc(43)] FindFirstFile: The system cannot find the path specified. (0x3)
[1105/205249.911:ERROR:directory_reader_win.cc(43)] FindFirstFile: The system cannot find the path specified. (0x3)
[1105/205553.965:ERROR:directory_reader_win.cc(43)] FindFirstFile: The system cannot find the path specified. (0x3)
[1105/211828.477:ERROR:directory_reader_win.cc(43)] FindFirstFile: The system cannot find the path specified. (0x3)
[1105/211957.329:ERROR:directory_reader_win.cc(43)] FindFirstFile: The system cannot find the path specified. (0x3)
